{"name": "test_5_search_valid_keyword", "status": "failed", "statusDetails": {"message": "AssertionError: assert False == True", "trace": "self = <tests.test_home.Tests object at 0x00000191B1F30AC0>, setUp = <selenium.webdriver.chrome.webdriver.WebDriver (session=\"55e01490af93181c187bf353da36b7de\")>\n\n    def test_5_search_valid_keyword(self, setUp):\n        self.home_page.click_search_bar_text_field()\n        product_name = self.home_page.get_product_name_to_search(self.db)\n        self.home_page.search_bar_keyword(product_name)\n        sleep(4)\n        is_results_displayed = self.home_page.is_result_window_displayed()\n>       assert is_results_displayed == True\nE       assert False == True\n\ntests\\test_home.py:33: AssertionError"}, "start": 1680553857720, "stop": 1680553862785, "uuid": "149e8982-2607-47d4-82c5-ec5e35de4b82", "historyId": "03d7e7d08720959f061e54f8077fa761", "testCaseId": "71c96938735d5ca393fb43a955543c5d", "fullName": "tests.test_home.Tests#test_5_search_valid_keyword", "labels": [{"name": "parentSuite", "value": "tests"}, {"name": "suite", "value": "test_home"}, {"name": "subSuite", "value": "Tests"}, {"name": "host", "value": "DESKTOP-UVVEKU1"}, {"name": "thread", "value": "35892-MainThread"}, {"name": "framework", "value": "pytest"}, {"name": "language", "value": "cpython3"}, {"name": "package", "value": "tests.test_home"}]}