{"name": "test_18_create_new_store", "status": "broken", "statusDetails": {"message": "selenium.common.exceptions.NoSuchElementException: Message: no such element: Unable to locate element: {\"method\":\"css selector\",\"selector\":\"input[type='tel'][label='טלפון']\"}\n  (Session info: chrome=111.0.5563.65)\nStacktrace:\nBacktrace:\n\t(No symbol) [0x00D537D3]\n\t(No symbol) [0x00CE8B81]\n\t(No symbol) [0x00BEB36D]\n\t(No symbol) [0x00C1D382]\n\t(No symbol) [0x00C1D4BB]\n\t(No symbol) [0x00C53302]\n\t(No symbol) [0x00C3B464]\n\t(No symbol) [0x00C51215]\n\t(No symbol) [0x00C3B216]\n\t(No symbol) [0x00C10D97]\n\t(No symbol) [0x00C1253D]\n\tGetHandleVerifier [0x00FCABF2+2510930]\n\tGetHandleVerifier [0x00FF8EC1+2700065]\n\tGetHandleVerifier [0x00FFC86C+2714828]\n\tGetHandleVerifier [0x00E03480+645344]\n\t(No symbol) [0x00CF0FD2]\n\t(No symbol) [0x00CF6C68]\n\t(No symbol) [0x00CF6D4B]\n\t(No symbol) [0x00D00D6B]\n\tBaseThreadInitThunk [0x759500F9+25]\n\tRtlGetAppContainerNamedObjectPath [0x77427BBE+286]\n\tRtlGetAppContainerNamedObjectPath [0x77427B8E+238]", "trace": "self = <tests.test_products.Tests object at 0x0000018B5BFC8670>, setUp = <selenium.webdriver.chrome.webdriver.WebDriver (session=\"190b2f52cd1356f3965d737ac2ab62cd\")>\n\n    def test_18_create_new_store(self, setUp):\n        self.login_page.login_process(self.db)\n        self.home_page.click_upload_product_btn()\n        self.products_page.fill_bn_number_field('1234')\n>       self.products_page.fill_phone_field('1234567345')\n\ntests\\test_products.py:36: \n_ _ _ _ _ _ _ _ _ _ _ _ _ _ _ _ _ _ _ _ _ _ _ _ _ _ _ _ _ _ _ _ _ _ _ _ _ _ _ _ _ _ _ _ _ _ _ _ _ _ _ _ _ _ _ _ _ _ _ _ _ _ _ _ _ _ _ _ _ _ _ _ _ _ _ _ _ _ _ _ _ _ _ _ _ _ _ _ _ _ _ \npages\\products_page.py:64: in fill_phone_field\n    self.driver.find_element(By.CSS_SELECTOR, ProductsLocators.phone_field).send_keys(text)\nven\\lib\\site-packages\\selenium\\webdriver\\remote\\webdriver.py:830: in find_element\n    return self.execute(Command.FIND_ELEMENT, {\"using\": by, \"value\": value})[\"value\"]\nven\\lib\\site-packages\\selenium\\webdriver\\remote\\webdriver.py:440: in execute\n    self.error_handler.check_response(response)\n_ _ _ _ _ _ _ _ _ _ _ _ _ _ _ _ _ _ _ _ _ _ _ _ _ _ _ _ _ _ _ _ _ _ _ _ _ _ _ _ _ _ _ _ _ _ _ _ _ _ _ _ _ _ _ _ _ _ _ _ _ _ _ _ _ _ _ _ _ _ _ _ _ _ _ _ _ _ _ _ _ _ _ _ _ _ _ _ _ _ _ \n\nself = <selenium.webdriver.remote.errorhandler.ErrorHandler object at 0x0000018B5C97F6A0>\nresponse = {'status': 404, 'value': '{\"value\":{\"error\":\"no such element\",\"message\":\"no such element: Unable to locate element: {\\...\\n\\\\tRtlGetAppContainerNamedObjectPath [0x77427BBE+286]\\\\n\\\\tRtlGetAppContainerNamedObjectPath [0x77427B8E+238]\\\\n\"}}'}\n\n    def check_response(self, response: Dict[str, Any]) -> None:\n        \"\"\"Checks that a JSON response from the WebDriver does not have an\n        error.\n    \n        :Args:\n         - response - The JSON response from the WebDriver server as a dictionary\n           object.\n    \n        :Raises: If the response contains an error message.\n        \"\"\"\n        status = response.get(\"status\", None)\n        if not status or status == ErrorCode.SUCCESS:\n            return\n        value = None\n        message = response.get(\"message\", \"\")\n        screen: str = response.get(\"screen\", \"\")\n        stacktrace = None\n        if isinstance(status, int):\n            value_json = response.get(\"value\", None)\n            if value_json and isinstance(value_json, str):\n                import json\n    \n                try:\n                    value = json.loads(value_json)\n                    if len(value.keys()) == 1:\n                        value = value[\"value\"]\n                    status = value.get(\"error\", None)\n                    if not status:\n                        status = value.get(\"status\", ErrorCode.UNKNOWN_ERROR)\n                        message = value.get(\"value\") or value.get(\"message\")\n                        if not isinstance(message, str):\n                            value = message\n                            message = message.get(\"message\")\n                    else:\n                        message = value.get(\"message\", None)\n                except ValueError:\n                    pass\n    \n        exception_class: Type[WebDriverException]\n        if status in ErrorCode.NO_SUCH_ELEMENT:\n            exception_class = NoSuchElementException\n        elif status in ErrorCode.NO_SUCH_FRAME:\n            exception_class = NoSuchFrameException\n        elif status in ErrorCode.NO_SUCH_SHADOW_ROOT:\n            exception_class = NoSuchShadowRootException\n        elif status in ErrorCode.NO_SUCH_WINDOW:\n            exception_class = NoSuchWindowException\n        elif status in ErrorCode.STALE_ELEMENT_REFERENCE:\n            exception_class = StaleElementReferenceException\n        elif status in ErrorCode.ELEMENT_NOT_VISIBLE:\n            exception_class = ElementNotVisibleException\n        elif status in ErrorCode.INVALID_ELEMENT_STATE:\n            exception_class = InvalidElementStateException\n        elif (\n            status in ErrorCode.INVALID_SELECTOR\n            or status in ErrorCode.INVALID_XPATH_SELECTOR\n            or status in ErrorCode.INVALID_XPATH_SELECTOR_RETURN_TYPER\n        ):\n            exception_class = InvalidSelectorException\n        elif status in ErrorCode.ELEMENT_IS_NOT_SELECTABLE:\n            exception_class = ElementNotSelectableException\n        elif status in ErrorCode.ELEMENT_NOT_INTERACTABLE:\n            exception_class = ElementNotInteractableException\n        elif status in ErrorCode.INVALID_COOKIE_DOMAIN:\n            exception_class = InvalidCookieDomainException\n        elif status in ErrorCode.UNABLE_TO_SET_COOKIE:\n            exception_class = UnableToSetCookieException\n        elif status in ErrorCode.TIMEOUT:\n            exception_class = TimeoutException\n        elif status in ErrorCode.SCRIPT_TIMEOUT:\n            exception_class = TimeoutException\n        elif status in ErrorCode.UNKNOWN_ERROR:\n            exception_class = WebDriverException\n        elif status in ErrorCode.UNEXPECTED_ALERT_OPEN:\n            exception_class = UnexpectedAlertPresentException\n        elif status in ErrorCode.NO_ALERT_OPEN:\n            exception_class = NoAlertPresentException\n        elif status in ErrorCode.IME_NOT_AVAILABLE:\n            exception_class = ImeNotAvailableException\n        elif status in ErrorCode.IME_ENGINE_ACTIVATION_FAILED:\n            exception_class = ImeActivationFailedException\n        elif status in ErrorCode.MOVE_TARGET_OUT_OF_BOUNDS:\n            exception_class = MoveTargetOutOfBoundsException\n        elif status in ErrorCode.JAVASCRIPT_ERROR:\n            exception_class = JavascriptException\n        elif status in ErrorCode.SESSION_NOT_CREATED:\n            exception_class = SessionNotCreatedException\n        elif status in ErrorCode.INVALID_ARGUMENT:\n            exception_class = InvalidArgumentException\n        elif status in ErrorCode.NO_SUCH_COOKIE:\n            exception_class = NoSuchCookieException\n        elif status in ErrorCode.UNABLE_TO_CAPTURE_SCREEN:\n            exception_class = ScreenshotException\n        elif status in ErrorCode.ELEMENT_CLICK_INTERCEPTED:\n            exception_class = ElementClickInterceptedException\n        elif status in ErrorCode.INSECURE_CERTIFICATE:\n            exception_class = InsecureCertificateException\n        elif status in ErrorCode.INVALID_COORDINATES:\n            exception_class = InvalidCoordinatesException\n        elif status in ErrorCode.INVALID_SESSION_ID:\n            exception_class = InvalidSessionIdException\n        elif status in ErrorCode.UNKNOWN_METHOD:\n            exception_class = UnknownMethodException\n        else:\n            exception_class = WebDriverException\n        if not value:\n            value = response[\"value\"]\n        if isinstance(value, str):\n            raise exception_class(value)\n        if message == \"\" and \"message\" in value:\n            message = value[\"message\"]\n    \n        screen = None  # type: ignore[assignment]\n        if \"screen\" in value:\n            screen = value[\"screen\"]\n    \n        stacktrace = None\n        st_value = value.get(\"stackTrace\") or value.get(\"stacktrace\")\n        if st_value:\n            if isinstance(st_value, str):\n                stacktrace = st_value.split(\"\\n\")\n            else:\n                stacktrace = []\n                try:\n                    for frame in st_value:\n                        line = frame.get(\"lineNumber\", \"\")\n                        file = frame.get(\"fileName\", \"<anonymous>\")\n                        if line:\n                            file = f\"{file}:{line}\"\n                        meth = frame.get(\"methodName\", \"<anonymous>\")\n                        if \"className\" in frame:\n                            meth = f\"{frame['className']}.{meth}\"\n                        msg = \"    at %s (%s)\"\n                        msg = msg % (meth, file)\n                        stacktrace.append(msg)\n                except TypeError:\n                    pass\n        if exception_class == UnexpectedAlertPresentException:\n            alert_text = None\n            if \"data\" in value:\n                alert_text = value[\"data\"].get(\"text\")\n            elif \"alert\" in value:\n                alert_text = value[\"alert\"].get(\"text\")\n            raise exception_class(message, screen, stacktrace, alert_text)  # type: ignore[call-arg]  # mypy is not smart enough here\n>       raise exception_class(message, screen, stacktrace)\nE       selenium.common.exceptions.NoSuchElementException: Message: no such element: Unable to locate element: {\"method\":\"css selector\",\"selector\":\"input[type='tel'][label='טלפון']\"}\nE         (Session info: chrome=111.0.5563.65)\nE       Stacktrace:\nE       Backtrace:\nE       \t(No symbol) [0x00D537D3]\nE       \t(No symbol) [0x00CE8B81]\nE       \t(No symbol) [0x00BEB36D]\nE       \t(No symbol) [0x00C1D382]\nE       \t(No symbol) [0x00C1D4BB]\nE       \t(No symbol) [0x00C53302]\nE       \t(No symbol) [0x00C3B464]\nE       \t(No symbol) [0x00C51215]\nE       \t(No symbol) [0x00C3B216]\nE       \t(No symbol) [0x00C10D97]\nE       \t(No symbol) [0x00C1253D]\nE       \tGetHandleVerifier [0x00FCABF2+2510930]\nE       \tGetHandleVerifier [0x00FF8EC1+2700065]\nE       \tGetHandleVerifier [0x00FFC86C+2714828]\nE       \tGetHandleVerifier [0x00E03480+645344]\nE       \t(No symbol) [0x00CF0FD2]\nE       \t(No symbol) [0x00CF6C68]\nE       \t(No symbol) [0x00CF6D4B]\nE       \t(No symbol) [0x00D00D6B]\nE       \tBaseThreadInitThunk [0x759500F9+25]\nE       \tRtlGetAppContainerNamedObjectPath [0x77427BBE+286]\nE       \tRtlGetAppContainerNamedObjectPath [0x77427B8E+238]\n\nven\\lib\\site-packages\\selenium\\webdriver\\remote\\errorhandler.py:245: NoSuchElementException"}, "start": 1680554385496, "stop": 1680554388918, "uuid": "db2c44b6-bed6-4152-8ab9-5f5f2dd0cf80", "historyId": "41d7ec53d3552c116e969d68fb17f87f", "testCaseId": "eb34ff8afd1b159533b472512eee33c2", "fullName": "tests.test_products.Tests#test_18_create_new_store", "labels": [{"name": "parentSuite", "value": "tests"}, {"name": "suite", "value": "test_products"}, {"name": "subSuite", "value": "Tests"}, {"name": "host", "value": "DESKTOP-UVVEKU1"}, {"name": "thread", "value": "2156-MainThread"}, {"name": "framework", "value": "pytest"}, {"name": "language", "value": "cpython3"}, {"name": "package", "value": "tests.test_products"}]}