{"name": "test_34_sign_up_without_details", "status": "failed", "statusDetails": {"message": "AssertionError: Unexpected text: \nassert '' == 'נא למלא שדה זה'\n  - נא למלא שדה זה", "trace": "self = <tests.test_registration.Tests object at 0x00000212FEF88940>, setUp = <selenium.webdriver.chrome.webdriver.WebDriver (session=\"8037207e02f17a36a46a2feeec43a826\")>\n\n    def test_34_sign_up_without_details(self, setUp):\n        self.home_page.click_connection()\n        self.registration_page.click_sign_up()\n        self.registration_page.click_terms_checkbox()\n        self.registration_page.click_create_user_btn()\n        phone_field_error_msg = self.login_page.get_empty_phone_error_message()\n>       assert phone_field_error_msg == 'נא למלא שדה זה', f\"Unexpected text: {phone_field_error_msg}\"\nE       AssertionError: Unexpected text: \nE       assert '' == 'נא למלא שדה זה'\nE         - נא למלא שדה זה\n\ntests\\test_registration.py:75: AssertionError"}, "start": 1680554584537, "stop": 1680554589873, "uuid": "c0ae37dc-5b53-4ac3-bfcb-35986d69b30d", "historyId": "39fd2b6e4f40e6fb277badbf3b018807", "testCaseId": "2752b80c47659fed06012d7a02ff05c4", "fullName": "tests.test_registration.Tests#test_34_sign_up_without_details", "labels": [{"name": "parentSuite", "value": "tests"}, {"name": "suite", "value": "test_registration"}, {"name": "subSuite", "value": "Tests"}, {"name": "host", "value": "DESKTOP-UVVEKU1"}, {"name": "thread", "value": "36112-MainThread"}, {"name": "framework", "value": "pytest"}, {"name": "language", "value": "cpython3"}, {"name": "package", "value": "tests.test_registration"}]}