{"name": "test_32_sign_up_with_invalid_bnnumber_over_9_char", "status": "failed", "statusDetails": {"message": "AssertionError: assert 16 <= 9\n +  where 16 = len('1234567891067957')", "trace": "self = <tests.test_registration.Tests object at 0x00000212FEF88700>, setUp = <selenium.webdriver.chrome.webdriver.WebDriver (session=\"7487aed66701f15f9c63fdbcc8c3565c\")>\n\n    def test_32_sign_up_with_invalid_bnnumber_over_9_char(self, setUp):\n        phone = '0577467001'\n        self.home_page.click_connection()\n        self.registration_page.click_sign_up()\n        self.registration_page.click_phone_field_signup()\n        self.registration_page.sign_up_phone_input(phone)\n        self.registration_page.click_bnnumber_field()\n        bnnumber = '1234567891067957'\n        self.registration_page.sign_up_bnnumber_input(bnnumber)\n        self.registration_page.click_terms_checkbox()\n        self.registration_page.click_create_user_btn()\n>       assert len(bnnumber) <= 9\nE       AssertionError: assert 16 <= 9\nE        +  where 16 = len('1234567891067957')\n\ntests\\test_registration.py:52: AssertionError"}, "start": 1680554534851, "stop": 1680554546441, "uuid": "b6d78e67-f781-4506-b808-7c308df6847e", "historyId": "ec7298a66bc81eb22261ccaf9ea1424b", "testCaseId": "236476e824e0dc10b9da297984606035", "fullName": "tests.test_registration.Tests#test_32_sign_up_with_invalid_bnnumber_over_9_char", "labels": [{"name": "parentSuite", "value": "tests"}, {"name": "suite", "value": "test_registration"}, {"name": "subSuite", "value": "Tests"}, {"name": "host", "value": "DESKTOP-UVVEKU1"}, {"name": "thread", "value": "36112-MainThread"}, {"name": "framework", "value": "pytest"}, {"name": "language", "value": "cpython3"}, {"name": "package", "value": "tests.test_registration"}]}