{"name": "test_37_log_in_without_details", "status": "failed", "statusDetails": {"message": "AssertionError: Unexpected text: \nassert '' == 'נא למלא שדה זה'\n  - נא למלא שדה זה", "trace": "self = <tests.test_login.Tests object at 0x0000018FA7DD48E0>, setUp = <selenium.webdriver.chrome.webdriver.WebDriver (session=\"026ea8da8fe7fbb88dc60a672c606aa7\")>\n\n    def test_37_log_in_without_details(self, setUp):\n       self.home_page.click_connection()\n       self.login_page.click_login_user()\n       phone_field_error_msg = self.login_page.get_empty_phone_error_message()\n>      assert phone_field_error_msg == 'נא למלא שדה זה', f\"Unexpected text: {phone_field_error_msg}\"\nE      AssertionError: Unexpected text: \nE      assert '' == 'נא למלא שדה זה'\nE        - נא למלא שדה זה\n\ntests\\test_login.py:30: AssertionError"}, "start": 1680554152619, "stop": 1680554152786, "uuid": "349e7733-254d-4948-9b18-35d8c6bdd091", "historyId": "b9107c763eafd53ab16a7053505ab325", "testCaseId": "42ba76010e66a5c6939c8014714d9ff2", "fullName": "tests.test_login.Tests#test_37_log_in_without_details", "labels": [{"name": "parentSuite", "value": "tests"}, {"name": "suite", "value": "test_login"}, {"name": "subSuite", "value": "Tests"}, {"name": "host", "value": "DESKTOP-UVVEKU1"}, {"name": "thread", "value": "16492-MainThread"}, {"name": "framework", "value": "pytest"}, {"name": "language", "value": "cpython3"}, {"name": "package", "value": "tests.test_login"}]}