{"name": "test_6_search_invalid_keyword", "status": "failed", "statusDetails": {"message": "AssertionError: assert False == True", "trace": "self = <tests.test_home.Tests object at 0x00000191B1F30BE0>, setUp = <selenium.webdriver.chrome.webdriver.WebDriver (session=\"666b22d9248df3b9cfc51c76bd1b7e33\")>\n\n    def test_6_search_invalid_keyword(self, setUp):\n        self.home_page.click_search_bar_text_field()\n        self.home_page.search_bar_keyword('aaabfbfbfn')\n        is_no_results_text_display = self.home_page.no_results_search_bar()\n>       assert is_no_results_text_display == True\nE       assert False == True\n\ntests\\test_home.py:40: AssertionError"}, "start": 1680553875127, "stop": 1680553875240, "uuid": "1c195fd9-b49c-4461-abff-8c60faa9bdb9", "historyId": "d0faa7f06b046dce8155d5f58a84b029", "testCaseId": "3c3d6f421fd9629001628ef28d40b3d8", "fullName": "tests.test_home.Tests#test_6_search_invalid_keyword", "labels": [{"name": "parentSuite", "value": "tests"}, {"name": "suite", "value": "test_home"}, {"name": "subSuite", "value": "Tests"}, {"name": "host", "value": "DESKTOP-UVVEKU1"}, {"name": "thread", "value": "35892-MainThread"}, {"name": "framework", "value": "pytest"}, {"name": "language", "value": "cpython3"}, {"name": "package", "value": "tests.test_home"}]}