{"name": "test_29_valid_sign_up", "status": "broken", "statusDetails": {"message": "selenium.common.exceptions.TimeoutException: Message: \nStacktrace:\nBacktrace:\n\t(No symbol) [0x00D537D3]\n\t(No symbol) [0x00CE8B81]\n\t(No symbol) [0x00BEB36D]\n\t(No symbol) [0x00C1D382]\n\t(No symbol) [0x00C1D4BB]\n\t(No symbol) [0x00C53302]\n\t(No symbol) [0x00C3B464]\n\t(No symbol) [0x00C51215]\n\t(No symbol) [0x00C3B216]\n\t(No symbol) [0x00C10D97]\n\t(No symbol) [0x00C1253D]\n\tGetHandleVerifier [0x00FCABF2+2510930]\n\tGetHandleVerifier [0x00FF8EC1+2700065]\n\tGetHandleVerifier [0x00FFC86C+2714828]\n\tGetHandleVerifier [0x00E03480+645344]\n\t(No symbol) [0x00CF0FD2]\n\t(No symbol) [0x00CF6C68]\n\t(No symbol) [0x00CF6D4B]\n\t(No symbol) [0x00D00D6B]\n\tBaseThreadInitThunk [0x759500F9+25]\n\tRtlGetAppContainerNamedObjectPath [0x77427BBE+286]\n\tRtlGetAppContainerNamedObjectPath [0x77427B8E+238]", "trace": "self = <tests.test_registration.Tests object at 0x00000212FEF88640>, setUp = <selenium.webdriver.chrome.webdriver.WebDriver (session=\"5613471e4004c0777970d63e64eaeee2\")>\n\n    @allure.title(\"test_29_valid_sign_up\")\n    def test_29_valid_sign_up(self, setUp):\n        phone = '0577944554'\n        self.home_page.click_connection()\n        self.registration_page.click_sign_up()\n        self.registration_page.click_phone_field_signup()\n        self.registration_page.sign_up_phone_input(phone)\n        self.registration_page.click_bnnumber_field()\n        self.registration_page.sign_up_bnnumber_input('1234')\n        self.registration_page.click_terms_checkbox()\n        self.registration_page.click_create_user_btn()\n        login_code = self.registration_page.get_login_code_from_db(self.db, phone)\n>       self.registration_page.fill_signup_code_in_squares(login_code)\n\ntests\\test_registration.py:20: \n_ _ _ _ _ _ _ _ _ _ _ _ _ _ _ _ _ _ _ _ _ _ _ _ _ _ _ _ _ _ _ _ _ _ _ _ _ _ _ _ _ _ _ _ _ _ _ _ _ _ _ _ _ _ _ _ _ _ _ _ _ _ _ _ _ _ _ _ _ _ _ _ _ _ _ _ _ _ _ _ _ _ _ _ _ _ _ _ _ _ _ \npages\\registration_page.py:96: in fill_signup_code_in_squares\n    WebDriverWait(self.driver, 10).until(EC.visibility_of_element_located((By.XPATH, squares[i]))).send_keys(\n_ _ _ _ _ _ _ _ _ _ _ _ _ _ _ _ _ _ _ _ _ _ _ _ _ _ _ _ _ _ _ _ _ _ _ _ _ _ _ _ _ _ _ _ _ _ _ _ _ _ _ _ _ _ _ _ _ _ _ _ _ _ _ _ _ _ _ _ _ _ _ _ _ _ _ _ _ _ _ _ _ _ _ _ _ _ _ _ _ _ _ \n\nself = <selenium.webdriver.support.wait.WebDriverWait (session=\"5613471e4004c0777970d63e64eaeee2\")>\nmethod = <function visibility_of_element_located.<locals>._predicate at 0x00000212FF0BFA30>, message = ''\n\n    def until(self, method, message: str = \"\"):\n        \"\"\"Calls the method provided with the driver as an argument until the \\\n        return value does not evaluate to ``False``.\n    \n        :param method: callable(WebDriver)\n        :param message: optional message for :exc:`TimeoutException`\n        :returns: the result of the last call to `method`\n        :raises: :exc:`selenium.common.exceptions.TimeoutException` if timeout occurs\n        \"\"\"\n        screen = None\n        stacktrace = None\n    \n        end_time = time.monotonic() + self._timeout\n        while True:\n            try:\n                value = method(self._driver)\n                if value:\n                    return value\n            except self._ignored_exceptions as exc:\n                screen = getattr(exc, \"screen\", None)\n                stacktrace = getattr(exc, \"stacktrace\", None)\n            time.sleep(self._poll)\n            if time.monotonic() > end_time:\n                break\n>       raise TimeoutException(message, screen, stacktrace)\nE       selenium.common.exceptions.TimeoutException: Message: \nE       Stacktrace:\nE       Backtrace:\nE       \t(No symbol) [0x00D537D3]\nE       \t(No symbol) [0x00CE8B81]\nE       \t(No symbol) [0x00BEB36D]\nE       \t(No symbol) [0x00C1D382]\nE       \t(No symbol) [0x00C1D4BB]\nE       \t(No symbol) [0x00C53302]\nE       \t(No symbol) [0x00C3B464]\nE       \t(No symbol) [0x00C51215]\nE       \t(No symbol) [0x00C3B216]\nE       \t(No symbol) [0x00C10D97]\nE       \t(No symbol) [0x00C1253D]\nE       \tGetHandleVerifier [0x00FCABF2+2510930]\nE       \tGetHandleVerifier [0x00FF8EC1+2700065]\nE       \tGetHandleVerifier [0x00FFC86C+2714828]\nE       \tGetHandleVerifier [0x00E03480+645344]\nE       \t(No symbol) [0x00CF0FD2]\nE       \t(No symbol) [0x00CF6C68]\nE       \t(No symbol) [0x00CF6D4B]\nE       \t(No symbol) [0x00D00D6B]\nE       \tBaseThreadInitThunk [0x759500F9+25]\nE       \tRtlGetAppContainerNamedObjectPath [0x77427BBE+286]\nE       \tRtlGetAppContainerNamedObjectPath [0x77427B8E+238]\n\nven\\lib\\site-packages\\selenium\\webdriver\\support\\wait.py:95: TimeoutException"}, "start": 1680554471529, "stop": 1680554497560, "uuid": "dfb97380-57b3-45f8-99b9-5f9693e34e56", "historyId": "9fcb058c0f57512bcf5dc946ace5e1b6", "testCaseId": "d06fd323e6129dc8381d04369bd1b340", "fullName": "tests.test_registration.Tests#test_29_valid_sign_up", "labels": [{"name": "parentSuite", "value": "tests"}, {"name": "suite", "value": "test_registration"}, {"name": "subSuite", "value": "Tests"}, {"name": "host", "value": "DESKTOP-UVVEKU1"}, {"name": "thread", "value": "36112-MainThread"}, {"name": "framework", "value": "pytest"}, {"name": "language", "value": "cpython3"}, {"name": "package", "value": "tests.test_registration"}]}